mode: set
presence-app/internal/db/db.go:30.47,32.15 2 1
presence-app/internal/db/db.go:32.15,34.2 1 0
presence-app/internal/db/db.go:35.1,37.61 3 1
presence-app/internal/db/db.go:37.61,40.2 2 0
presence-app/internal/db/db.go:41.1,41.60 1 1
presence-app/internal/db/db.go:41.60,44.2 2 0
presence-app/internal/db/db.go:45.1,45.62 1 1
presence-app/internal/db/db.go:45.62,48.2 2 0
presence-app/internal/db/db.go:49.1,49.15 1 1
presence-app/internal/db/db.go:53.40,55.15 2 1
presence-app/internal/db/db.go:55.15,57.2 1 0
presence-app/internal/db/db.go:58.1,59.15 2 1
presence-app/internal/db/db.go:59.15,62.2 2 0
presence-app/internal/db/db.go:63.1,64.15 2 1
presence-app/internal/db/db.go:64.15,68.2 3 0
presence-app/internal/db/db.go:69.1,70.15 2 1
presence-app/internal/db/db.go:70.15,75.2 4 0
presence-app/internal/db/db.go:77.1,85.39 2 1
presence-app/internal/db/db.go:85.39,88.2 2 0
presence-app/internal/db/db.go:89.1,89.43 1 1
presence-app/internal/db/db.go:89.43,92.2 2 0
presence-app/internal/db/db.go:93.1,93.44 1 1
presence-app/internal/db/db.go:93.44,96.2 2 0
presence-app/internal/db/db.go:97.1,97.40 1 1
presence-app/internal/db/db.go:97.40,100.2 2 0
presence-app/internal/db/db.go:103.1,104.46 2 1
presence-app/internal/db/db.go:104.46,105.51 1 0
presence-app/internal/db/db.go:105.51,107.2 1 0
presence-app/internal/db/db.go:107.7,108.64 1 0
presence-app/internal/db/db.go:108.64,110.2 1 0
presence-app/internal/db/db.go:110.7,112.2 1 0
presence-app/internal/db/db.go:116.1,116.14 1 1
presence-app/internal/db/db.go:120.27,121.38 1 1
presence-app/internal/db/db.go:121.38,123.3 1 0
presence-app/internal/db/db.go:124.2,124.42 1 1
presence-app/internal/db/db.go:124.42,126.3 1 0
presence-app/internal/db/db.go:127.2,127.43 1 1
presence-app/internal/db/db.go:127.43,129.3 1 0
presence-app/internal/db/db.go:130.2,130.39 1 1
presence-app/internal/db/db.go:130.39,132.3 1 0
presence-app/internal/db/db.go:133.2,133.12 1 1
presence-app/internal/db/db.go:149.32,159.2 9 0
presence-app/internal/db/db.go:162.22,163.18 1 1
presence-app/internal/db/db.go:163.18,165.2 1 1
presence-app/internal/db/db.go:166.1,166.22 1 1
presence-app/internal/db/db.go:166.22,168.2 1 1
presence-app/internal/db/db.go:169.1,169.23 1 1
presence-app/internal/db/db.go:169.23,171.2 1 1
presence-app/internal/db/db.go:172.1,172.19 1 1
presence-app/internal/db/db.go:172.19,174.2 1 1
presence-app/internal/db/db.go:179.34,228.15 2 1
presence-app/internal/db/db.go:228.15,230.2 1 0
presence-app/internal/db/db.go:231.1,235.11 5 1
presence-app/internal/db/db.go:238.38,275.15 2 1
presence-app/internal/db/db.go:275.15,277.2 1 0
presence-app/internal/db/db.go:278.1,282.23 5 1
presence-app/internal/db/db.go:282.23,295.2 4 0
presence-app/internal/db/db.go:296.1,296.11 1 1
presence-app/internal/db/db.go:299.39,327.2 2 1
presence-app/internal/db/db.go:329.35,342.2 2 1
presence-app/internal/db/db.go:345.53,347.15 2 0
presence-app/internal/db/db.go:347.15,349.2 1 0
presence-app/internal/db/db.go:350.1,351.37 2 0
presence-app/internal/db/db.go:351.37,353.2 1 0
presence-app/internal/db/db.go:355.1,403.26 3 0
presence-app/internal/db/db.go:403.26,404.84 1 0
presence-app/internal/db/db.go:404.84,406.2 1 0
presence-app/internal/db/db.go:408.1,408.11 1 0
presence-app/internal/db/db.go:413.73,415.15 2 0
presence-app/internal/db/db.go:415.15,417.2 1 0
presence-app/internal/db/db.go:418.1,421.15 3 0
presence-app/internal/db/db.go:421.15,423.2 1 0
presence-app/internal/db/db.go:425.1,426.15 2 0
presence-app/internal/db/db.go:426.15,428.2 1 0
presence-app/internal/db/db.go:429.1,430.15 2 0
presence-app/internal/db/db.go:430.15,433.2 2 0
presence-app/internal/db/db.go:434.1,438.21 4 0
presence-app/internal/db/db.go:438.21,440.2 1 0
presence-app/internal/db/db.go:442.1,442.17 1 0
presence-app/internal/db/db.go:442.17,443.42 1 0
presence-app/internal/db/db.go:443.42,446.2 2 0
presence-app/internal/db/db.go:447.1,447.19 1 0
presence-app/internal/db/db.go:449.1,449.34 1 0
presence-app/internal/db/db.go:449.34,452.2 2 0
presence-app/internal/db/db.go:453.1,453.19 1 0
presence-app/internal/db/db.go:457.62,459.16 2 1
presence-app/internal/db/db.go:459.16,461.3 1 0
presence-app/internal/db/db.go:462.2,467.16 3 1
presence-app/internal/db/db.go:467.16,469.3 1 0
presence-app/internal/db/db.go:472.2,474.38 3 1
presence-app/internal/db/db.go:474.38,476.17 2 0
presence-app/internal/db/db.go:476.17,478.4 1 0
presence-app/internal/db/db.go:479.8,482.17 2 1
presence-app/internal/db/db.go:482.17,484.4 1 0
presence-app/internal/db/db.go:487.1,489.15 3 1
presence-app/internal/db/db.go:489.15,505.28 2 1
presence-app/internal/db/db.go:505.28,510.15 2 1
presence-app/internal/db/db.go:510.15,512.2 1 0
presence-app/internal/db/db.go:515.1,515.11 1 1
presence-app/internal/db/db.go:520.38,522.39 2 1
presence-app/internal/db/db.go:522.39,524.2 1 0
presence-app/internal/db/db.go:525.1,525.34 1 1
presence-app/internal/db/db.go:530.58,532.15 2 1
presence-app/internal/db/db.go:532.15,534.2 1 0
presence-app/internal/db/db.go:535.1,540.15 5 1
presence-app/internal/db/db.go:540.15,542.2 1 0
presence-app/internal/db/db.go:543.1,543.18 1 1
presence-app/internal/db/db.go:546.65,555.15 5 1
presence-app/internal/db/db.go:555.15,557.2 1 0
presence-app/internal/db/db.go:558.1,559.15 2 1
presence-app/internal/db/db.go:562.48,567.2 4 1
presence-app/internal/db/db.go:569.37,571.2 1 0
presence-app/internal/db/db.go:576.70,577.25 1 1
presence-app/internal/db/db.go:577.25,580.2 2 1
presence-app/internal/db/db.go:581.1,583.86 3 1
presence-app/internal/db/db.go:588.125,590.39 2 1
presence-app/internal/db/db.go:590.39,592.2 1 0
presence-app/internal/db/db.go:593.1,599.21 6 1
presence-app/internal/db/db.go:599.21,601.2 1 1
presence-app/internal/db/db.go:603.1,607.15 2 1
presence-app/internal/db/db.go:607.15,609.2 1 0
presence-app/internal/db/db.go:610.1,619.21 3 1
presence-app/internal/db/db.go:622.79,629.15 2 1
presence-app/internal/db/db.go:629.15,631.2 1 0
presence-app/internal/db/db.go:632.1,635.17 3 1
presence-app/internal/db/db.go:635.17,638.122 3 0
presence-app/internal/db/db.go:638.122,640.2 1 0
presence-app/internal/db/db.go:641.1,641.20 1 0
presence-app/internal/db/db.go:641.20,643.2 1 0
presence-app/internal/db/db.go:644.1,644.21 1 0
presence-app/internal/db/db.go:644.21,646.2 1 0
presence-app/internal/db/db.go:647.1,647.23 1 0
presence-app/internal/db/db.go:649.1,649.24 1 1
presence-app/internal/db/db.go:652.48,654.15 2 1
presence-app/internal/db/db.go:654.15,656.2 1 0
presence-app/internal/db/db.go:657.1,658.11 2 1
presence-app/internal/db/db.go:658.11,660.2 1 0
presence-app/internal/db/db.go:661.1,661.11 1 1
presence-app/internal/db/db.go:665.45,667.16 2 0
presence-app/internal/db/db.go:667.16,669.3 1 0
presence-app/internal/db/db.go:670.2,671.12 2 0
presence-app/internal/db/db.go:671.12,673.3 1 0
presence-app/internal/db/db.go:674.2,674.12 1 0
presence-app/internal/db/db.go:684.48,691.16 2 0
presence-app/internal/db/db.go:691.16,693.3 1 0
presence-app/internal/db/db.go:694.2,697.18 3 0
presence-app/internal/db/db.go:697.18,700.137 3 0
presence-app/internal/db/db.go:700.137,702.4 1 0
presence-app/internal/db/db.go:703.3,703.22 1 0
presence-app/internal/db/db.go:703.22,705.4 1 0
presence-app/internal/db/db.go:706.3,706.23 1 0
presence-app/internal/db/db.go:706.23,708.4 1 0
presence-app/internal/db/db.go:709.3,709.25 1 0
presence-app/internal/db/db.go:711.2,711.25 1 0
presence-app/internal/db/db.go:714.63,727.15 5 1
presence-app/internal/db/db.go:727.15,729.2 1 1
presence-app/internal/db/db.go:730.1,732.15 3 1
presence-app/internal/db/db.go:740.69,742.40 2 1
presence-app/internal/db/db.go:742.40,745.3 1 1
presence-app/internal/db/db.go:748.2,751.40 3 1
presence-app/internal/db/db.go:751.40,753.3 1 0
presence-app/internal/db/db.go:754.2,763.16 6 1
presence-app/internal/db/db.go:763.16,765.3 1 0
presence-app/internal/db/db.go:766.2,766.17 1 1
presence-app/internal/db/db.go:771.75,780.16 6 1
presence-app/internal/db/db.go:780.16,782.3 1 1
presence-app/internal/db/db.go:783.2,783.33 1 1
presence-app/internal/db/db.go:783.33,786.3 2 0
presence-app/internal/db/db.go:789.2,791.30 2 1
presence-app/internal/db/db.go:795.40,797.2 1 0
presence-app/internal/db/db.go:801.65,807.15 3 1
presence-app/internal/db/db.go:807.15,809.2 1 1
presence-app/internal/db/db.go:810.1,811.15 2 1
presence-app/internal/db/db.go:814.58,820.15 3 1
presence-app/internal/db/db.go:820.15,822.2 1 0
presence-app/internal/db/db.go:823.1,824.15 2 1
presence-app/internal/db/db.go:827.67,832.15 2 1
presence-app/internal/db/db.go:832.15,834.2 1 0
presence-app/internal/db/db.go:835.1,835.31 1 1
presence-app/internal/db/db.go:838.49,840.15 2 1
presence-app/internal/db/db.go:840.15,842.2 1 0
presence-app/internal/db/db.go:843.1,846.17 3 1
presence-app/internal/db/db.go:846.17,848.113 2 1
presence-app/internal/db/db.go:848.113,850.2 1 0
presence-app/internal/db/db.go:851.1,852.25 2 1
presence-app/internal/db/db.go:854.1,854.25 1 1
presence-app/internal/db/db.go:857.60,864.45 2 0
presence-app/internal/db/db.go:864.45,866.25 2 0
presence-app/internal/db/db.go:866.25,868.2 1 0
presence-app/internal/db/db.go:870.1,871.11 2 0
presence-app/internal/db/db.go:874.75,876.16 2 1
presence-app/internal/db/db.go:876.16,878.3 1 0
presence-app/internal/db/db.go:879.2,883.16 2 1
presence-app/internal/db/db.go:883.16,885.3 1 1
presence-app/internal/db/db.go:886.2,886.27 1 1
presence-app/internal/db/db.go:892.81,893.45 1 1
presence-app/internal/db/db.go:893.45,895.3 1 0
presence-app/internal/db/db.go:897.2,897.41 1 1
presence-app/internal/db/db.go:897.41,899.3 1 1
presence-app/internal/db/db.go:901.2,901.33 1 0
presence-app/internal/db/db.go:901.33,902.102 1 0
presence-app/internal/db/db.go:902.102,904.4 1 0
presence-app/internal/db/db.go:905.3,905.14 1 0
presence-app/internal/db/db.go:907.2,907.14 1 0
presence-app/internal/db/db.go:910.66,913.2 2 1
presence-app/internal/db/db.go:915.63,917.16 2 1
presence-app/internal/db/db.go:917.16,919.3 1 0
presence-app/internal/db/db.go:920.2,921.12 2 1
presence-app/internal/db/db.go:924.61,927.2 2 1
presence-app/internal/db/db.go:929.46,932.2 2 1
presence-app/internal/db/db.go:936.49,938.15 2 1
presence-app/internal/db/db.go:938.15,940.2 1 0
presence-app/internal/db/db.go:941.1,944.17 3 1
presence-app/internal/db/db.go:944.17,946.63 2 1
presence-app/internal/db/db.go:946.63,948.2 1 0
presence-app/internal/db/db.go:949.1,949.25 1 1
presence-app/internal/db/db.go:951.1,951.25 1 1
presence-app/internal/db/db.go:954.53,956.15 2 1
presence-app/internal/db/db.go:956.15,958.2 1 0
presence-app/internal/db/db.go:959.1,959.26 1 1
presence-app/internal/db/db.go:962.54,965.2 2 1
presence-app/internal/db/db.go:967.41,970.2 2 1
presence-app/internal/db/db.go:972.66,980.15 2 1
presence-app/internal/db/db.go:980.15,982.2 1 0
presence-app/internal/db/db.go:983.1,986.17 3 1
presence-app/internal/db/db.go:986.17,988.113 2 0
presence-app/internal/db/db.go:988.113,990.2 1 0
presence-app/internal/db/db.go:991.1,992.25 2 0
presence-app/internal/db/db.go:994.1,994.25 1 1
presence-app/internal/db/db.go:997.56,1000.2 2 1
presence-app/internal/db/db.go:1002.59,1005.2 2 1
presence-app/internal/db/db.go:1007.64,1015.15 2 0
presence-app/internal/db/db.go:1015.15,1017.2 1 0
presence-app/internal/db/db.go:1018.1,1021.17 3 0
presence-app/internal/db/db.go:1021.17,1023.63 2 0
presence-app/internal/db/db.go:1023.63,1025.2 1 0
presence-app/internal/db/db.go:1026.1,1026.25 1 0
presence-app/internal/db/db.go:1028.1,1028.25 1 0
presence-app/internal/db/db.go:1033.54,1035.15 2 1
presence-app/internal/db/db.go:1035.15,1037.2 1 0
presence-app/internal/db/db.go:1038.1,1041.17 3 1
presence-app/internal/db/db.go:1041.17,1043.97 2 1
presence-app/internal/db/db.go:1043.97,1045.2 1 0
presence-app/internal/db/db.go:1046.1,1046.31 1 1
presence-app/internal/db/db.go:1048.1,1048.28 1 1
presence-app/internal/db/db.go:1051.59,1056.16 2 1
presence-app/internal/db/db.go:1056.16,1058.3 1 0
presence-app/internal/db/db.go:1059.2,1059.27 1 1
presence-app/internal/db/db.go:1062.50,1068.2 2 1
presence-app/internal/db/db.go:1070.43,1073.2 2 1
presence-app/internal/db/db.go:1077.118,1079.22 2 1
presence-app/internal/db/db.go:1079.22,1081.2 1 1
presence-app/internal/db/db.go:1083.1,1085.28 3 1
presence-app/internal/db/db.go:1085.28,1088.2 2 1
presence-app/internal/db/db.go:1089.1,1097.15 4 1
presence-app/internal/db/db.go:1097.15,1099.2 1 0
presence-app/internal/db/db.go:1100.1,1102.17 2 1
presence-app/internal/db/db.go:1102.17,1105.67 3 0
presence-app/internal/db/db.go:1105.67,1107.2 1 0
presence-app/internal/db/db.go:1108.1,1108.26 1 0
presence-app/internal/db/db.go:1108.26,1110.2 1 0
presence-app/internal/db/db.go:1111.1,1111.32 1 0
presence-app/internal/db/db.go:1111.32,1113.2 1 0
presence-app/internal/db/db.go:1114.1,1114.38 1 0
presence-app/internal/db/db.go:1116.1,1116.26 1 1
presence-app/internal/db/db.go:1119.92,1120.15 1 1
presence-app/internal/db/db.go:1120.15,1122.2 1 0
presence-app/internal/db/db.go:1123.1,1123.51 1 1
presence-app/internal/db/db.go:1123.51,1125.2 1 0
presence-app/internal/db/db.go:1126.1,1127.15 2 1
presence-app/internal/db/db.go:1127.15,1129.2 1 0
presence-app/internal/db/db.go:1130.1,1132.28 2 1
presence-app/internal/db/db.go:1132.28,1133.19 1 1
presence-app/internal/db/db.go:1133.19,1134.129 1 1
presence-app/internal/db/db.go:1134.129,1136.2 1 0
presence-app/internal/db/db.go:1137.7,1138.122 1 0
presence-app/internal/db/db.go:1138.122,1140.2 1 0
presence-app/internal/db/db.go:1142.1,1145.46 1 1
presence-app/internal/db/db.go:1145.46,1147.2 1 0
presence-app/internal/db/db.go:1149.1,1149.19 1 1
presence-app/internal/db/db.go:1152.78,1153.20 1 1
presence-app/internal/db/db.go:1153.20,1155.2 1 0
presence-app/internal/db/db.go:1156.1,1156.65 1 1
presence-app/internal/db/db.go:1156.65,1158.2 1 0
presence-app/internal/db/db.go:1159.1,1160.22 2 1
presence-app/internal/db/db.go:1160.22,1162.2 1 1
presence-app/internal/db/db.go:1163.1,1167.15 4 1
presence-app/internal/db/db.go:1167.15,1171.26 4 0
presence-app/internal/db/db.go:1171.26,1173.2 1 0
presence-app/internal/db/db.go:1174.7,1178.26 4 1
presence-app/internal/db/db.go:1178.26,1180.2 1 1
presence-app/internal/db/db.go:1182.1,1183.11 2 1
presence-app/internal/db/db.go:1188.96,1190.15 2 1
presence-app/internal/db/db.go:1190.15,1192.2 1 0
presence-app/internal/db/db.go:1194.1,1195.15 2 1
presence-app/internal/db/db.go:1195.15,1197.2 1 0
presence-app/internal/db/db.go:1198.1,1200.28 3 1
presence-app/internal/db/db.go:1200.28,1203.2 2 1
presence-app/internal/db/db.go:1205.1,1206.27 2 1
presence-app/internal/db/db.go:1206.27,1208.2 1 0
presence-app/internal/db/db.go:1210.1,1211.15 2 1
presence-app/internal/db/db.go:1211.15,1213.2 1 0
presence-app/internal/db/db.go:1215.1,1216.32 2 1
presence-app/internal/db/db.go:1216.32,1221.39 2 0
presence-app/internal/db/db.go:1221.39,1222.27 1 0
presence-app/internal/db/db.go:1222.27,1223.36 1 0
presence-app/internal/db/db.go:1223.36,1225.33 2 0
presence-app/internal/db/db.go:1225.33,1227.2 1 0
presence-app/internal/db/db.go:1228.1,1229.26 2 0
presence-app/internal/db/db.go:1229.26,1231.2 1 0
presence-app/internal/db/db.go:1232.1,1232.24 1 0
presence-app/internal/db/db.go:1232.24,1234.2 1 0
presence-app/internal/db/db.go:1238.1,1238.26 1 0
presence-app/internal/db/db.go:1240.1,1240.18 1 1
presence-app/internal/db/db.go:1245.55,1247.15 2 0
presence-app/internal/db/db.go:1247.15,1249.2 1 0
presence-app/internal/db/db.go:1250.1,1253.17 3 0
presence-app/internal/db/db.go:1253.17,1255.75 2 0
presence-app/internal/db/db.go:1255.75,1257.2 1 0
presence-app/internal/db/db.go:1258.1,1258.31 1 0
presence-app/internal/db/db.go:1260.1,1260.28 1 0
presence-app/internal/db/db.go:1263.90,1268.15 2 1
presence-app/internal/db/db.go:1268.15,1270.2 1 0
presence-app/internal/db/db.go:1271.1,1274.17 3 1
presence-app/internal/db/db.go:1274.17,1276.75 2 0
presence-app/internal/db/db.go:1276.75,1278.2 1 0
presence-app/internal/db/db.go:1279.1,1279.19 1 0
presence-app/internal/db/db.go:1281.1,1281.26 1 1
presence-app/internal/db/db.go:1284.81,1289.16 2 1
presence-app/internal/db/db.go:1289.16,1291.3 1 0
presence-app/internal/db/db.go:1292.2,1292.27 1 1
presence-app/internal/db/db.go:1295.82,1301.2 2 1
presence-app/internal/db/db.go:1303.44,1306.2 2 1
presence-app/internal/db/db.go:1310.121,1311.15 1 1
presence-app/internal/db/db.go:1311.15,1313.2 1 0
presence-app/internal/db/db.go:1314.1,1315.15 2 1
presence-app/internal/db/db.go:1315.15,1317.2 1 0
presence-app/internal/db/db.go:1318.1,1320.20 2 1
presence-app/internal/db/db.go:1320.20,1324.15 2 1
presence-app/internal/db/db.go:1324.15,1326.2 1 0
presence-app/internal/db/db.go:1327.1,1328.28 2 1
presence-app/internal/db/db.go:1328.28,1329.80 1 1
presence-app/internal/db/db.go:1329.80,1331.2 1 0
presence-app/internal/db/db.go:1333.7,1337.15 2 1
presence-app/internal/db/db.go:1337.15,1339.2 1 0
presence-app/internal/db/db.go:1340.1,1341.28 2 1
presence-app/internal/db/db.go:1341.28,1342.70 1 1
presence-app/internal/db/db.go:1342.70,1344.2 1 0
presence-app/internal/db/db.go:1347.1,1347.19 1 1
presence-app/internal/db/db.go:1352.87,1362.20 3 1
presence-app/internal/db/db.go:1362.20,1365.2 2 1
presence-app/internal/db/db.go:1366.1,1369.15 3 1
presence-app/internal/db/db.go:1369.15,1371.2 1 0
presence-app/internal/db/db.go:1372.1,1376.17 4 1
presence-app/internal/db/db.go:1376.17,1383.15 2 0
presence-app/internal/db/db.go:1383.15,1385.2 1 0
presence-app/internal/db/db.go:1386.1,1387.33 2 0
presence-app/internal/db/db.go:1389.1,1389.34 1 1
presence-app/internal/db/db.go:1389.34,1391.2 1 0
presence-app/internal/db/db.go:1393.1,1394.21 2 1
presence-app/internal/db/db.go:1394.21,1396.2 1 0
presence-app/internal/db/db.go:1397.1,1397.17 1 1
presence-app/internal/db/db.go:1402.43,1406.2 3 1
presence-app/internal/db/db.go:1408.45,1412.2 3 1
presence-app/internal/db/db.go:1414.46,1418.2 3 1
presence-app/internal/db/db.go:1421.70,1422.18 1 1
presence-app/internal/db/db.go:1422.18,1424.2 1 1
presence-app/internal/db/db.go:1425.1,1427.21 3 0
presence-app/internal/db/db.go:1427.21,1430.2 2 0
presence-app/internal/db/db.go:1431.1,1435.15 2 0
presence-app/internal/db/db.go:1435.15,1437.2 1 0
presence-app/internal/db/db.go:1438.1,1440.17 3 0
presence-app/internal/db/db.go:1440.17,1445.2 4 0
presence-app/internal/db/db.go:1446.1,1446.13 1 0
presence-app/internal/db/db.go:1450.70,1451.18 1 1
presence-app/internal/db/db.go:1451.18,1453.2 1 1
presence-app/internal/db/db.go:1454.1,1456.21 3 0
presence-app/internal/db/db.go:1456.21,1459.2 2 0
presence-app/internal/db/db.go:1460.1,1464.15 2 0
presence-app/internal/db/db.go:1464.15,1466.2 1 0
presence-app/internal/db/db.go:1467.1,1469.17 3 0
presence-app/internal/db/db.go:1469.17,1474.2 4 0
presence-app/internal/db/db.go:1475.1,1475.13 1 0
presence-app/internal/db/db.go:1479.72,1480.18 1 1
presence-app/internal/db/db.go:1480.18,1482.2 1 1
presence-app/internal/db/db.go:1483.1,1485.21 3 0
presence-app/internal/db/db.go:1485.21,1488.2 2 0
presence-app/internal/db/db.go:1489.1,1493.15 2 0
presence-app/internal/db/db.go:1493.15,1495.2 1 0
presence-app/internal/db/db.go:1496.1,1498.17 3 0
presence-app/internal/db/db.go:1498.17,1503.2 4 0
presence-app/internal/db/db.go:1504.1,1504.13 1 0
presence-app/internal/db/db.go:1508.73,1509.18 1 1
presence-app/internal/db/db.go:1509.18,1511.2 1 1
presence-app/internal/db/db.go:1512.1,1514.21 3 0
presence-app/internal/db/db.go:1514.21,1517.2 2 0
presence-app/internal/db/db.go:1518.1,1522.15 2 0
presence-app/internal/db/db.go:1522.15,1524.2 1 0
presence-app/internal/db/db.go:1525.1,1527.17 3 0
presence-app/internal/db/db.go:1527.17,1532.2 4 0
presence-app/internal/db/db.go:1533.1,1533.13 1 0
presence-app/internal/db/db.go:1538.103,1543.2 1 1
presence-app/internal/db/db.go:1547.93,1552.20 3 1
presence-app/internal/db/db.go:1552.20,1555.2 2 1
presence-app/internal/db/db.go:1556.1,1559.15 3 1
presence-app/internal/db/db.go:1559.15,1561.2 1 0
presence-app/internal/db/db.go:1562.1,1571.17 8 1
presence-app/internal/db/db.go:1571.17,1573.117 2 0
presence-app/internal/db/db.go:1573.117,1575.2 1 0
presence-app/internal/db/db.go:1576.1,1578.21 3 0
presence-app/internal/db/db.go:1579.13,1580.33 1 0
presence-app/internal/db/db.go:1581.15,1582.35 1 0
presence-app/internal/db/db.go:1583.16,1584.36 1 0
presence-app/internal/db/db.go:1585.13,1586.19 1 0
presence-app/internal/db/db.go:1586.19,1588.2 1 0
presence-app/internal/db/db.go:1591.1,1591.34 1 1
presence-app/internal/db/db.go:1591.34,1593.2 1 0
presence-app/internal/db/db.go:1595.1,1601.24 6 1
presence-app/internal/db/db.go:1601.24,1603.21 2 0
presence-app/internal/db/db.go:1604.13,1605.43 1 0
presence-app/internal/db/db.go:1606.15,1607.45 1 0
presence-app/internal/db/db.go:1608.16,1609.46 1 0
presence-app/internal/db/db.go:1610.13,1611.19 1 0
presence-app/internal/db/db.go:1611.19,1613.2 1 0
presence-app/internal/db/db.go:1616.1,1616.17 1 1
presence-app/internal/db/db.go:1621.59,1623.15 2 0
presence-app/internal/db/db.go:1623.15,1625.2 1 0
presence-app/internal/db/db.go:1626.1,1628.17 3 0
presence-app/internal/db/db.go:1628.17,1630.77 2 0
presence-app/internal/db/db.go:1630.77,1632.2 1 0
presence-app/internal/db/db.go:1633.1,1633.21 1 0
presence-app/internal/db/db.go:1635.1,1635.23 1 0
presence-app/internal/db/db.go:1638.64,1642.15 3 0
presence-app/internal/db/db.go:1642.15,1644.2 1 0
presence-app/internal/db/db.go:1645.1,1645.15 1 0
presence-app/internal/db/db.go:1648.73,1650.15 2 0
presence-app/internal/db/db.go:1650.15,1652.2 1 0
presence-app/internal/db/db.go:1653.1,1653.26 1 0
presence-app/internal/db/db.go:1656.74,1659.2 2 0
presence-app/internal/db/db.go:1661.66,1664.2 2 0
presence-app/internal/db/db.go:1666.46,1669.2 2 0
presence-app/internal/db/db.go:1671.66,1673.15 2 0
presence-app/internal/db/db.go:1673.15,1675.2 1 0
presence-app/internal/db/db.go:1676.1,1678.17 3 0
presence-app/internal/db/db.go:1678.17,1680.84 2 0
presence-app/internal/db/db.go:1680.84,1682.2 1 0
presence-app/internal/db/db.go:1683.1,1683.25 1 0
presence-app/internal/db/db.go:1685.1,1685.25 1 0
presence-app/internal/db/db.go:1688.93,1690.15 2 0
presence-app/internal/db/db.go:1690.15,1692.2 1 0
presence-app/internal/db/db.go:1693.1,1693.26 1 0
presence-app/internal/db/db.go:1696.75,1699.2 2 0
presence-app/internal/db/db.go:1701.41,1704.2 2 0
presence-app/internal/db/db.go:1706.112,1708.15 2 0
presence-app/internal/db/db.go:1708.15,1710.2 1 0
presence-app/internal/db/db.go:1712.1,1718.15 2 0
presence-app/internal/db/db.go:1718.15,1720.2 1 0
presence-app/internal/db/db.go:1721.1,1729.17 4 0
presence-app/internal/db/db.go:1729.17,1732.60 3 0
presence-app/internal/db/db.go:1732.60,1734.2 1 0
presence-app/internal/db/db.go:1735.1,1735.69 1 0
presence-app/internal/db/db.go:1738.1,1739.25 2 0
presence-app/internal/db/db.go:1739.25,1742.34 3 0
presence-app/internal/db/db.go:1742.34,1744.15 2 0
presence-app/internal/db/db.go:1744.15,1745.9 1 0
presence-app/internal/db/db.go:1747.1,1747.20 1 0
presence-app/internal/db/db.go:1747.20,1750.2 2 0
presence-app/internal/db/db.go:1750.7,1750.28 1 0
presence-app/internal/db/db.go:1750.28,1752.2 1 0
presence-app/internal/db/db.go:1754.1,1754.83 1 0
presence-app/internal/db/db.go:1756.1,1756.19 1 0
presence-app/internal/db/db.go:1759.73,1760.15 1 0
presence-app/internal/db/db.go:1760.15,1762.2 1 0
presence-app/internal/db/db.go:1763.1,1768.14 3 0
presence-app/internal/db/db.go:1768.14,1770.2 1 0
presence-app/internal/db/db.go:1771.1,1776.18 3 0
presence-app/internal/db/db.go:1776.18,1778.2 1 0
presence-app/internal/db/db.go:1779.1,1783.11 2 0
presence-app/internal/db/db.go:1786.67,1789.2 2 0
presence-app/internal/db/db.go:1791.75,1799.2 3 0
presence-app/internal/db/db.go:1801.104,1806.15 2 0
presence-app/internal/db/db.go:1806.15,1808.2 1 0
presence-app/internal/db/db.go:1809.1,1811.17 3 0
presence-app/internal/db/db.go:1811.17,1813.40 2 0
presence-app/internal/db/db.go:1813.40,1815.2 1 0
presence-app/internal/db/db.go:1816.1,1816.15 1 0
presence-app/internal/db/db.go:1818.1,1818.21 1 0
presence-app/internal/db/db.go:1821.85,1822.15 1 0
presence-app/internal/db/db.go:1822.15,1824.2 1 0
presence-app/internal/db/db.go:1825.1,1826.28 2 0
presence-app/internal/db/db.go:1826.28,1828.14 2 0
presence-app/internal/db/db.go:1828.14,1829.9 1 0
presence-app/internal/db/db.go:1831.1,1831.65 1 0
presence-app/internal/db/db.go:1831.65,1833.2 1 0
presence-app/internal/db/db.go:1835.1,1835.13 1 0
presence-app/internal/db/db.go:1838.81,1839.20 1 0
presence-app/internal/db/db.go:1839.20,1841.2 1 0
presence-app/internal/db/db.go:1842.1,1844.28 3 0
presence-app/internal/db/db.go:1844.28,1847.2 2 0
presence-app/internal/db/db.go:1848.1,1852.11 2 0
presence-app/internal/handlers/activity.go:21.80,34.15 10 0
presence-app/internal/handlers/activity.go:34.15,36.3 1 0
presence-app/internal/handlers/activity.go:37.2,37.16 1 0
presence-app/internal/handlers/activity.go:37.16,39.3 1 0
presence-app/internal/handlers/activity.go:40.2,40.20 1 0
presence-app/internal/handlers/activity.go:40.20,42.3 1 0
presence-app/internal/handlers/activity.go:43.2,43.35 1 0
presence-app/internal/handlers/activity.go:43.35,45.3 1 0
presence-app/internal/handlers/activity.go:47.2,47.58 1 0
presence-app/internal/handlers/activity.go:47.58,48.21 1 0
presence-app/internal/handlers/activity.go:48.21,50.4 1 0
presence-app/internal/handlers/activity.go:50.9,52.4 1 0
presence-app/internal/handlers/activity.go:55.2,60.16 5 0
presence-app/internal/handlers/activity.go:60.16,62.3 1 0
presence-app/internal/handlers/activity.go:65.2,68.26 4 0
presence-app/internal/handlers/activity.go:68.26,70.42 2 0
presence-app/internal/handlers/activity.go:70.42,73.4 2 0
presence-app/internal/handlers/activity.go:77.2,80.25 3 0
presence-app/internal/handlers/activity.go:80.25,81.35 1 0
presence-app/internal/handlers/activity.go:81.35,82.26 1 0
presence-app/internal/handlers/activity.go:82.26,85.10 3 0
presence-app/internal/handlers/activity.go:89.2,91.16 3 0
presence-app/internal/handlers/activity.go:91.16,94.27 3 0
presence-app/internal/handlers/activity.go:94.27,97.4 2 0
presence-app/internal/handlers/activity.go:98.3,98.66 1 0
presence-app/internal/handlers/activity.go:102.2,103.38 2 0
presence-app/internal/handlers/activity.go:103.38,105.65 2 0
presence-app/internal/handlers/activity.go:105.65,107.4 1 0
presence-app/internal/handlers/activity.go:111.2,112.34 2 0
presence-app/internal/handlers/activity.go:112.34,114.17 2 0
presence-app/internal/handlers/activity.go:114.17,115.12 1 0
presence-app/internal/handlers/activity.go:117.3,118.63 1 0
presence-app/internal/handlers/activity.go:118.63,120.4 1 0
presence-app/internal/handlers/activity.go:122.2,124.26 3 0
presence-app/internal/handlers/activity.go:124.26,126.3 1 0
presence-app/internal/handlers/activity.go:127.2,129.21 3 0
presence-app/internal/handlers/activity.go:129.21,131.3 1 0
presence-app/internal/handlers/activity.go:134.2,136.29 3 0
presence-app/internal/handlers/activity.go:136.29,137.17 1 0
presence-app/internal/handlers/activity.go:137.17,139.4 1 0
presence-app/internal/handlers/activity.go:140.3,140.15 1 0
presence-app/internal/handlers/activity.go:140.15,142.4 1 0
presence-app/internal/handlers/activity.go:144.2,146.44 3 0
presence-app/internal/handlers/activity.go:146.44,147.43 1 0
presence-app/internal/handlers/activity.go:147.43,148.39 1 0
presence-app/internal/handlers/activity.go:148.39,150.37 2 0
presence-app/internal/handlers/activity.go:150.37,152.6 1 0
presence-app/internal/handlers/activity.go:153.5,153.30 1 0
presence-app/internal/handlers/activity.go:153.30,155.6 1 0
presence-app/internal/handlers/activity.go:156.5,156.28 1 0
presence-app/internal/handlers/activity.go:156.28,158.6 1 0
presence-app/internal/handlers/activity.go:163.2,191.4 3 0
presence-app/internal/handlers/activity.go:195.79,201.44 5 1
presence-app/internal/handlers/activity.go:201.44,204.3 2 1
presence-app/internal/handlers/activity.go:207.2,207.143 1 1
presence-app/internal/handlers/activity.go:207.143,210.29 3 0
presence-app/internal/handlers/activity.go:210.29,211.22 1 0
presence-app/internal/handlers/activity.go:211.22,213.10 2 0
presence-app/internal/handlers/activity.go:216.3,216.15 1 0
presence-app/internal/handlers/activity.go:216.15,219.4 2 0
presence-app/internal/handlers/activity.go:222.2,227.16 5 1
presence-app/internal/handlers/activity.go:227.16,230.3 2 0
presence-app/internal/handlers/activity.go:232.2,232.18 1 1
presence-app/internal/handlers/activity.go:237.117,238.82 1 0
presence-app/internal/handlers/activity.go:238.82,240.3 1 0
presence-app/internal/handlers/activity.go:241.2,241.42 1 0
presence-app/internal/handlers/activity.go:241.42,243.3 1 0
presence-app/internal/handlers/activity.go:244.2,246.28 3 0
presence-app/internal/handlers/activity.go:246.28,248.3 1 0
presence-app/internal/handlers/activity.go:249.2,250.29 2 0
presence-app/internal/handlers/activity.go:250.29,251.22 1 0
presence-app/internal/handlers/activity.go:251.22,253.4 1 0
presence-app/internal/handlers/activity.go:255.2,255.28 1 0
presence-app/internal/handlers/admin.go:23.74,32.18 7 0
presence-app/internal/handlers/admin.go:32.18,34.29 2 0
presence-app/internal/handlers/admin.go:34.29,36.4 1 0
presence-app/internal/handlers/admin.go:39.2,46.26 3 0
presence-app/internal/handlers/admin.go:46.26,47.39 1 0
presence-app/internal/handlers/admin.go:47.39,48.12 1 0
presence-app/internal/handlers/admin.go:50.3,52.94 3 0
presence-app/internal/handlers/admin.go:55.2,59.4 1 0
presence-app/internal/handlers/admin.go:63.77,65.16 2 1
presence-app/internal/handlers/admin.go:65.16,68.3 2 0
presence-app/internal/handlers/admin.go:69.2,69.18 1 1
presence-app/internal/handlers/admin.go:73.75,75.94 2 1
presence-app/internal/handlers/admin.go:75.94,78.3 2 0
presence-app/internal/handlers/admin.go:79.2,82.98 2 1
presence-app/internal/handlers/admin.go:82.98,85.3 2 1
presence-app/internal/handlers/admin.go:86.2,87.16 2 1
presence-app/internal/handlers/admin.go:87.16,90.3 2 0
presence-app/internal/handlers/admin.go:91.2,91.24 1 1
presence-app/internal/handlers/admin.go:91.24,93.3 1 1
presence-app/internal/handlers/admin.go:94.2,94.61 1 1
presence-app/internal/handlers/admin.go:98.75,100.94 2 1
presence-app/internal/handlers/admin.go:100.94,103.3 2 0
presence-app/internal/handlers/admin.go:104.2,107.24 4 1
presence-app/internal/handlers/admin.go:107.24,109.3 1 1
presence-app/internal/handlers/admin.go:110.2,110.46 1 1
presence-app/internal/handlers/admin.go:114.75,116.94 2 1
presence-app/internal/handlers/admin.go:116.94,119.3 2 0
presence-app/internal/handlers/admin.go:120.2,126.24 5 1
presence-app/internal/handlers/admin.go:126.24,128.3 1 1
presence-app/internal/handlers/admin.go:129.2,129.46 1 1
presence-app/internal/handlers/admin.go:133.78,136.140 3 1
presence-app/internal/handlers/admin.go:136.140,137.46 1 0
presence-app/internal/handlers/admin.go:137.46,140.4 2 0
presence-app/internal/handlers/admin.go:142.2,147.52 4 1
presence-app/internal/handlers/admin.go:147.52,149.3 1 1
presence-app/internal/handlers/admin.go:150.2,151.24 2 1
presence-app/internal/handlers/admin.go:151.24,153.3 1 1
presence-app/internal/handlers/admin.go:154.2,154.46 1 1
presence-app/internal/handlers/admin.go:158.81,161.140 3 1
presence-app/internal/handlers/admin.go:161.140,162.46 1 0
presence-app/internal/handlers/admin.go:162.46,165.4 2 0
presence-app/internal/handlers/admin.go:167.2,169.48 3 1
presence-app/internal/handlers/admin.go:169.48,171.3 1 1
presence-app/internal/handlers/admin.go:172.2,173.24 2 1
presence-app/internal/handlers/admin.go:173.24,175.3 1 1
presence-app/internal/handlers/admin.go:176.2,176.46 1 1
presence-app/internal/handlers/admin.go:180.64,182.28 2 0
presence-app/internal/handlers/admin.go:182.28,183.21 1 0
presence-app/internal/handlers/admin.go:183.21,185.4 1 0
presence-app/internal/handlers/admin.go:187.2,187.14 1 0
presence-app/internal/handlers/admin.go:193.77,198.2 2 0
presence-app/internal/handlers/admin.go:201.77,209.61 2 1
presence-app/internal/handlers/admin.go:209.61,212.3 2 0
presence-app/internal/handlers/admin.go:213.2,213.39 1 1
presence-app/internal/handlers/admin.go:213.39,216.3 2 1
presence-app/internal/handlers/admin.go:217.2,218.16 2 1
presence-app/internal/handlers/admin.go:218.16,221.3 2 0
presence-app/internal/handlers/admin.go:222.2,223.24 2 1
presence-app/internal/handlers/admin.go:223.24,225.3 1 1
presence-app/internal/handlers/admin.go:226.2,226.61 1 1
presence-app/internal/handlers/admin.go:230.77,242.24 6 1
presence-app/internal/handlers/admin.go:242.24,244.3 1 1
presence-app/internal/handlers/admin.go:245.2,245.46 1 1
presence-app/internal/handlers/admin.go:249.77,254.24 5 1
presence-app/internal/handlers/admin.go:254.24,256.3 1 1
presence-app/internal/handlers/admin.go:257.2,257.46 1 1
presence-app/internal/handlers/admin.go:263.73,266.2 2 0
presence-app/internal/handlers/admin.go:269.80,276.56 5 0
presence-app/internal/handlers/admin.go:276.56,279.3 2 0
presence-app/internal/handlers/admin.go:280.2,281.24 2 0
presence-app/internal/handlers/admin.go:281.24,283.3 1 0
presence-app/internal/handlers/admin.go:284.2,284.46 1 0
presence-app/internal/handlers/admin_holidays.go:19.80,21.16 2 0
presence-app/internal/handlers/admin_holidays.go:21.16,24.3 2 0
presence-app/internal/handlers/admin_holidays.go:26.2,29.4 1 0
presence-app/internal/handlers/admin_holidays.go:33.81,39.61 2 1
presence-app/internal/handlers/admin_holidays.go:39.61,42.3 2 0
presence-app/internal/handlers/admin_holidays.go:43.2,43.38 1 1
presence-app/internal/handlers/admin_holidays.go:43.38,46.3 2 1
presence-app/internal/handlers/admin_holidays.go:47.2,48.16 2 1
presence-app/internal/handlers/admin_holidays.go:48.16,51.3 2 0
presence-app/internal/handlers/admin_holidays.go:52.2,53.24 2 1
presence-app/internal/handlers/admin_holidays.go:53.24,55.3 1 1
presence-app/internal/handlers/admin_holidays.go:56.2,56.61 1 1
presence-app/internal/handlers/admin_holidays.go:60.81,63.16 3 1
presence-app/internal/handlers/admin_holidays.go:63.16,66.3 2 0
presence-app/internal/handlers/admin_holidays.go:68.2,73.61 2 1
presence-app/internal/handlers/admin_holidays.go:73.61,76.3 2 0
presence-app/internal/handlers/admin_holidays.go:78.2,78.38 1 1
presence-app/internal/handlers/admin_holidays.go:78.38,81.3 2 0
presence-app/internal/handlers/admin_holidays.go:83.2,83.85 1 1
presence-app/internal/handlers/admin_holidays.go:83.85,86.3 2 0
presence-app/internal/handlers/admin_holidays.go:88.2,89.24 2 1
presence-app/internal/handlers/admin_holidays.go:89.24,91.3 1 1
presence-app/internal/handlers/admin_holidays.go:92.2,92.46 1 1
presence-app/internal/handlers/admin_holidays.go:96.81,99.16 3 1
presence-app/internal/handlers/admin_holidays.go:99.16,102.3 2 0
presence-app/internal/handlers/admin_holidays.go:104.2,106.47 2 1
presence-app/internal/handlers/admin_holidays.go:106.47,109.3 2 0
presence-app/internal/handlers/admin_holidays.go:111.2,112.24 2 1
presence-app/internal/handlers/admin_holidays.go:112.24,114.3 1 1
presence-app/internal/handlers/admin_holidays.go:115.2,115.46 1 1
presence-app/internal/handlers/admin_users.go:22.79,26.24 4 1
presence-app/internal/handlers/admin_users.go:26.24,28.3 1 1
presence-app/internal/handlers/admin_users.go:29.2,34.4 1 1
presence-app/internal/handlers/admin_users.go:38.81,42.2 1 0
presence-app/internal/handlers/admin_users.go:45.80,51.61 2 1
presence-app/internal/handlers/admin_users.go:51.61,54.3 2 0
presence-app/internal/handlers/admin_users.go:55.2,57.61 3 1
presence-app/internal/handlers/admin_users.go:57.61,60.3 2 0
presence-app/internal/handlers/admin_users.go:61.2,62.16 2 1
presence-app/internal/handlers/admin_users.go:62.16,65.3 2 1
presence-app/internal/handlers/admin_users.go:66.2,67.24 2 1
presence-app/internal/handlers/admin_users.go:67.24,69.3 1 1
presence-app/internal/handlers/admin_users.go:70.2,70.62 1 1
presence-app/internal/handlers/admin_users.go:74.80,83.39 6 1
presence-app/internal/handlers/admin_users.go:83.39,86.3 2 0
presence-app/internal/handlers/admin_users.go:87.2,87.70 1 1
presence-app/internal/handlers/admin_users.go:87.70,90.3 2 0
presence-app/internal/handlers/admin_users.go:91.2,92.24 2 1
presence-app/internal/handlers/admin_users.go:92.24,94.3 1 1
presence-app/internal/handlers/admin_users.go:95.2,95.46 1 1
presence-app/internal/handlers/admin_users.go:99.81,105.24 4 1
presence-app/internal/handlers/admin_users.go:105.24,108.3 2 1
presence-app/internal/handlers/admin_users.go:109.2,109.63 1 1
presence-app/internal/handlers/admin_users.go:109.63,112.3 2 0
presence-app/internal/handlers/admin_users.go:113.2,114.24 2 1
presence-app/internal/handlers/admin_users.go:114.24,116.3 1 1
presence-app/internal/handlers/admin_users.go:117.2,117.46 1 1
presence-app/internal/handlers/admin_users.go:121.81,124.48 3 1
presence-app/internal/handlers/admin_users.go:124.48,127.3 2 1
presence-app/internal/handlers/admin_users.go:128.2,132.63 3 1
presence-app/internal/handlers/admin_users.go:132.63,135.3 2 0
presence-app/internal/handlers/admin_users.go:136.2,136.24 1 1
presence-app/internal/handlers/admin_users.go:136.24,138.19 2 1
presence-app/internal/handlers/admin_users.go:138.19,140.4 1 1
presence-app/internal/handlers/admin_users.go:141.3,141.62 1 1
presence-app/internal/handlers/admin_users.go:143.2,143.46 1 1
presence-app/internal/handlers/admin_users.go:147.80,150.48 3 1
presence-app/internal/handlers/admin_users.go:150.48,153.3 2 1
presence-app/internal/handlers/admin_users.go:154.2,155.49 2 1
presence-app/internal/handlers/admin_users.go:155.49,158.3 2 0
presence-app/internal/handlers/admin_users.go:159.2,159.24 1 1
presence-app/internal/handlers/admin_users.go:159.24,161.24 2 1
presence-app/internal/handlers/admin_users.go:161.24,163.4 1 1
presence-app/internal/handlers/admin_users.go:164.3,164.69 1 1
presence-app/internal/handlers/admin_users.go:166.2,166.46 1 1
presence-app/internal/handlers/admin_users.go:170.82,173.16 3 0
presence-app/internal/handlers/admin_users.go:173.16,176.3 2 0
presence-app/internal/handlers/admin_users.go:179.2,181.21 3 0
presence-app/internal/handlers/admin_users.go:181.21,182.62 1 0
presence-app/internal/handlers/admin_users.go:182.62,184.4 1 0
presence-app/internal/handlers/admin_users.go:186.2,187.14 2 0
presence-app/internal/handlers/admin_users.go:187.14,189.3 1 0
presence-app/internal/handlers/admin_users.go:191.2,202.4 4 0
presence-app/internal/handlers/auth.go:40.40,41.27 1 0
presence-app/internal/handlers/auth.go:41.27,43.3 1 0
presence-app/internal/handlers/auth.go:45.2,46.16 2 0
presence-app/internal/handlers/auth.go:46.16,48.3 1 0
presence-app/internal/handlers/auth.go:50.2,51.16 2 0
presence-app/internal/handlers/auth.go:51.16,53.3 1 0
presence-app/internal/handlers/auth.go:56.2,66.16 3 0
presence-app/internal/handlers/auth.go:66.16,68.3 1 0
presence-app/internal/handlers/auth.go:71.2,72.63 2 0
presence-app/internal/handlers/auth.go:72.63,74.17 2 0
presence-app/internal/handlers/auth.go:74.17,76.4 1 0
presence-app/internal/handlers/auth.go:77.8,80.17 2 0
presence-app/internal/handlers/auth.go:80.17,82.4 1 0
presence-app/internal/handlers/auth.go:85.2,86.16 2 0
presence-app/internal/handlers/auth.go:86.16,88.3 1 0
presence-app/internal/handlers/auth.go:90.2,105.12 7 0
presence-app/internal/handlers/auth.go:109.73,112.17 2 0
presence-app/internal/handlers/auth.go:112.17,115.3 2 0
presence-app/internal/handlers/auth.go:117.2,120.4 2 0
presence-app/internal/handlers/auth.go:124.74,126.53 1 1
presence-app/internal/handlers/auth.go:126.53,130.3 3 1
presence-app/internal/handlers/auth.go:132.2,135.26 3 1
presence-app/internal/handlers/auth.go:135.26,136.27 1 1
presence-app/internal/handlers/auth.go:136.27,138.4 1 1
presence-app/internal/handlers/auth.go:139.3,139.68 1 1
presence-app/internal/handlers/auth.go:142.2,144.36 2 1
presence-app/internal/handlers/auth.go:144.36,146.41 1 1
presence-app/internal/handlers/auth.go:146.41,150.4 3 1
presence-app/internal/handlers/auth.go:151.3,152.17 2 1
presence-app/internal/handlers/auth.go:152.17,156.4 3 0
presence-app/internal/handlers/auth.go:157.3,157.19 1 1
presence-app/internal/handlers/auth.go:158.8,161.78 2 1
presence-app/internal/handlers/auth.go:161.78,165.4 3 0
presence-app/internal/handlers/auth.go:166.3,166.20 1 1
presence-app/internal/handlers/auth.go:166.20,170.4 3 1
presence-app/internal/handlers/auth.go:171.3,171.19 1 1
presence-app/internal/handlers/auth.go:174.2,175.16 2 1
presence-app/internal/handlers/auth.go:175.16,179.3 3 0
presence-app/internal/handlers/auth.go:181.2,181.26 1 1
presence-app/internal/handlers/auth.go:181.26,183.3 1 1
presence-app/internal/handlers/auth.go:184.2,195.47 3 1
presence-app/internal/handlers/auth.go:199.70,201.16 2 1
presence-app/internal/handlers/auth.go:201.16,203.3 1 1
presence-app/internal/handlers/auth.go:204.2,206.52 3 1
presence-app/internal/handlers/auth.go:210.76,211.17 1 0
presence-app/internal/handlers/auth.go:211.17,214.3 2 0
presence-app/internal/handlers/auth.go:215.2,217.14 3 0
presence-app/internal/handlers/auth.go:221.73,222.17 1 0
presence-app/internal/handlers/auth.go:222.17,225.3 2 0
presence-app/internal/handlers/auth.go:226.2,231.16 2 0
presence-app/internal/handlers/auth.go:231.16,235.3 3 0
presence-app/internal/handlers/auth.go:237.2,238.16 2 0
presence-app/internal/handlers/auth.go:238.16,242.3 3 0
presence-app/internal/handlers/auth.go:244.2,245.61 2 0
presence-app/internal/handlers/auth.go:249.71,250.17 1 0
presence-app/internal/handlers/auth.go:250.17,253.3 2 0
presence-app/internal/handlers/auth.go:255.2,255.38 1 0
presence-app/internal/handlers/auth.go:255.38,258.3 2 0
presence-app/internal/handlers/auth.go:261.2,263.64 3 0
presence-app/internal/handlers/auth.go:263.64,264.36 1 0
presence-app/internal/handlers/auth.go:264.36,266.4 1 0
presence-app/internal/handlers/auth.go:266.9,268.4 1 0
presence-app/internal/handlers/auth.go:269.3,269.14 1 0
presence-app/internal/handlers/auth.go:271.2,272.16 2 0
presence-app/internal/handlers/auth.go:272.16,276.3 3 0
presence-app/internal/handlers/auth.go:279.2,280.17 2 0
presence-app/internal/handlers/auth.go:280.17,282.3 1 0
presence-app/internal/handlers/auth.go:283.2,283.80 1 0
presence-app/internal/handlers/auth.go:283.80,285.3 1 0
presence-app/internal/handlers/auth.go:287.2,288.23 2 0
presence-app/internal/handlers/auth.go:288.23,291.32 3 0
presence-app/internal/handlers/auth.go:291.32,293.4 1 0
presence-app/internal/handlers/auth.go:295.2,295.23 1 0
presence-app/internal/handlers/auth.go:295.23,297.3 1 0
presence-app/internal/handlers/auth.go:299.2,299.17 1 0
presence-app/internal/handlers/auth.go:299.17,302.3 2 0
presence-app/internal/handlers/auth.go:305.2,306.16 2 0
presence-app/internal/handlers/auth.go:306.16,310.3 3 0
presence-app/internal/handlers/auth.go:312.2,313.16 2 0
presence-app/internal/handlers/auth.go:313.16,317.3 3 0
presence-app/internal/handlers/auth.go:319.2,328.47 3 0
presence-app/internal/handlers/auth.go:332.71,333.53 1 0
presence-app/internal/handlers/auth.go:333.53,334.40 1 0
presence-app/internal/handlers/auth.go:334.40,335.49 1 0
presence-app/internal/handlers/auth.go:335.49,337.5 1 0
presence-app/internal/handlers/auth.go:340.2,340.11 1 0
presence-app/internal/handlers/auth.go:344.56,346.16 2 0
presence-app/internal/handlers/auth.go:346.16,348.3 1 0
presence-app/internal/handlers/auth.go:350.2,359.16 3 0
presence-app/internal/handlers/auth.go:359.16,361.3 1 0
presence-app/internal/handlers/auth.go:363.2,366.8 1 0
presence-app/internal/handlers/calendar.go:27.80,38.75 7 1
presence-app/internal/handlers/calendar.go:38.75,40.3 1 1
presence-app/internal/handlers/calendar.go:41.2,41.71 1 1
presence-app/internal/handlers/calendar.go:41.71,43.3 1 1
presence-app/internal/handlers/calendar.go:46.2,57.25 8 1
presence-app/internal/handlers/calendar.go:57.25,58.40 1 1
presence-app/internal/handlers/calendar.go:58.40,62.4 3 0
presence-app/internal/handlers/calendar.go:66.2,67.16 2 1
presence-app/internal/handlers/calendar.go:67.16,70.3 2 0
presence-app/internal/handlers/calendar.go:71.2,72.26 2 1
presence-app/internal/handlers/calendar.go:72.26,74.3 1 1
presence-app/internal/handlers/calendar.go:77.2,79.26 3 1
presence-app/internal/handlers/calendar.go:79.26,82.3 2 0
presence-app/internal/handlers/calendar.go:83.2,83.29 1 1
presence-app/internal/handlers/calendar.go:83.29,85.3 1 1
presence-app/internal/handlers/calendar.go:88.2,103.4 2 1
presence-app/internal/handlers/calendar.go:107.80,116.61 3 1
presence-app/internal/handlers/calendar.go:116.61,119.3 2 0
presence-app/internal/handlers/calendar.go:122.2,122.104 1 1
presence-app/internal/handlers/calendar.go:122.104,125.3 2 1
presence-app/internal/handlers/calendar.go:128.2,128.30 1 1
presence-app/internal/handlers/calendar.go:128.30,129.56 1 1
presence-app/internal/handlers/calendar.go:129.56,132.4 2 1
presence-app/internal/handlers/calendar.go:135.2,135.89 1 1
presence-app/internal/handlers/calendar.go:135.89,138.3 2 0
presence-app/internal/handlers/calendar.go:140.2,143.16 3 1
presence-app/internal/handlers/calendar.go:143.16,145.3 1 0
presence-app/internal/handlers/calendar.go:146.2,149.46 3 1
presence-app/internal/handlers/calendar.go:153.82,161.61 3 1
presence-app/internal/handlers/calendar.go:161.61,164.3 2 0
presence-app/internal/handlers/calendar.go:166.2,166.104 1 1
presence-app/internal/handlers/calendar.go:166.104,169.3 2 0
presence-app/internal/handlers/calendar.go:171.2,171.77 1 1
presence-app/internal/handlers/calendar.go:171.77,174.3 2 0
presence-app/internal/handlers/calendar.go:176.2,179.21 3 1
presence-app/internal/handlers/calendar.go:179.21,181.3 1 0
presence-app/internal/handlers/calendar.go:182.2,185.46 3 1
presence-app/internal/handlers/calendar.go:189.83,198.44 7 1
presence-app/internal/handlers/calendar.go:198.44,201.3 2 1
presence-app/internal/handlers/calendar.go:203.2,204.16 2 1
presence-app/internal/handlers/calendar.go:204.16,207.3 2 0
presence-app/internal/handlers/calendar.go:209.2,214.28 5 1
presence-app/internal/handlers/calendar.go:214.28,216.3 1 0
presence-app/internal/handlers/calendar.go:218.2,219.16 2 1
presence-app/internal/handlers/calendar.go:219.16,222.3 2 0
presence-app/internal/handlers/calendar.go:224.2,224.22 1 1
presence-app/internal/handlers/calendar.go:227.55,232.38 4 1
presence-app/internal/handlers/calendar.go:232.38,240.3 2 1
presence-app/internal/handlers/calendar.go:241.2,241.13 1 1
presence-app/internal/handlers/calendar.go:244.61,248.2 3 1
presence-app/internal/handlers/calendar.go:250.54,253.2 2 1
presence-app/internal/handlers/floorplan.go:32.82,37.19 3 0
presence-app/internal/handlers/floorplan.go:37.19,39.3 1 0
presence-app/internal/handlers/floorplan.go:40.2,41.16 2 0
presence-app/internal/handlers/floorplan.go:41.16,43.3 1 0
presence-app/internal/handlers/floorplan.go:44.2,46.19 3 0
presence-app/internal/handlers/floorplan.go:46.19,48.3 1 0
presence-app/internal/handlers/floorplan.go:50.2,53.38 2 0
presence-app/internal/handlers/floorplan.go:53.38,55.3 1 0
presence-app/internal/handlers/floorplan.go:57.2,61.14 4 0
presence-app/internal/handlers/floorplan.go:61.14,63.23 2 0
presence-app/internal/handlers/floorplan.go:63.23,65.16 2 0
presence-app/internal/handlers/floorplan.go:65.16,67.5 1 0
presence-app/internal/handlers/floorplan.go:67.10,70.32 2 0
presence-app/internal/handlers/floorplan.go:70.32,72.6 1 0
presence-app/internal/handlers/floorplan.go:77.2,84.4 1 0
presence-app/internal/handlers/floorplan.go:88.77,93.16 5 0
presence-app/internal/handlers/floorplan.go:93.16,95.3 1 0
presence-app/internal/handlers/floorplan.go:96.2,96.29 1 0
presence-app/internal/handlers/floorplan.go:96.29,99.3 2 0
presence-app/internal/handlers/floorplan.go:101.2,102.15 2 0
presence-app/internal/handlers/floorplan.go:102.15,105.3 2 0
presence-app/internal/handlers/floorplan.go:107.2,108.16 2 0
presence-app/internal/handlers/floorplan.go:108.16,111.3 2 0
presence-app/internal/handlers/floorplan.go:112.2,112.68 1 0
presence-app/internal/handlers/floorplan.go:116.80,123.61 3 0
presence-app/internal/handlers/floorplan.go:123.61,126.3 2 0
presence-app/internal/handlers/floorplan.go:127.2,127.39 1 0
presence-app/internal/handlers/floorplan.go:127.39,130.3 2 0
presence-app/internal/handlers/floorplan.go:131.2,131.20 1 0
presence-app/internal/handlers/floorplan.go:131.20,133.3 1 0
presence-app/internal/handlers/floorplan.go:136.2,137.15 2 0
presence-app/internal/handlers/floorplan.go:137.15,140.3 2 0
presence-app/internal/handlers/floorplan.go:142.2,142.82 1 0
presence-app/internal/handlers/floorplan.go:142.82,145.3 2 0
presence-app/internal/handlers/floorplan.go:146.2,146.46 1 0
presence-app/internal/handlers/floorplan.go:150.86,153.60 3 0
presence-app/internal/handlers/floorplan.go:153.60,156.3 2 0
presence-app/internal/handlers/floorplan.go:157.2,157.46 1 0
presence-app/internal/handlers/floorplan.go:165.88,171.19 5 0
presence-app/internal/handlers/floorplan.go:171.19,174.23 3 0
presence-app/internal/handlers/floorplan.go:174.23,176.4 1 0
presence-app/internal/handlers/floorplan.go:177.8,177.32 1 0
presence-app/internal/handlers/floorplan.go:177.32,180.3 2 0
presence-app/internal/handlers/floorplan.go:182.2,186.4 1 0
presence-app/internal/handlers/floorplan.go:190.84,194.61 2 0
presence-app/internal/handlers/floorplan.go:194.61,197.3 2 0
presence-app/internal/handlers/floorplan.go:198.2,199.20 2 0
presence-app/internal/handlers/floorplan.go:199.20,202.3 2 0
presence-app/internal/handlers/floorplan.go:203.2,205.16 3 0
presence-app/internal/handlers/floorplan.go:205.16,208.3 2 0
presence-app/internal/handlers/floorplan.go:209.2,209.63 1 0
presence-app/internal/handlers/floorplan.go:213.86,216.16 3 0
presence-app/internal/handlers/floorplan.go:216.16,219.3 2 0
presence-app/internal/handlers/floorplan.go:220.2,220.15 1 0
presence-app/internal/handlers/floorplan.go:224.83,226.15 2 0
presence-app/internal/handlers/floorplan.go:226.15,229.3 2 0
presence-app/internal/handlers/floorplan.go:230.2,231.16 2 0
presence-app/internal/handlers/floorplan.go:231.16,234.3 2 0
presence-app/internal/handlers/floorplan.go:235.2,235.18 1 0
presence-app/internal/handlers/floorplan.go:235.18,237.3 1 0
presence-app/internal/handlers/floorplan.go:238.2,238.18 1 0
presence-app/internal/handlers/floorplan.go:242.84,250.20 5 0
presence-app/internal/handlers/floorplan.go:250.20,253.3 2 0
presence-app/internal/handlers/floorplan.go:254.2,254.74 1 0
presence-app/internal/handlers/floorplan.go:254.74,257.3 2 0
presence-app/internal/handlers/floorplan.go:258.2,258.46 1 0
presence-app/internal/handlers/floorplan.go:262.84,266.38 3 0
presence-app/internal/handlers/floorplan.go:266.38,268.3 1 0
presence-app/internal/handlers/floorplan.go:269.2,270.46 2 0
presence-app/internal/handlers/floorplan.go:274.89,281.16 5 0
presence-app/internal/handlers/floorplan.go:281.16,284.3 2 0
presence-app/internal/handlers/floorplan.go:285.2,290.23 4 0
presence-app/internal/handlers/floorplan.go:290.23,293.3 2 0
presence-app/internal/handlers/floorplan.go:296.2,308.25 6 0
presence-app/internal/handlers/floorplan.go:308.25,311.3 2 0
presence-app/internal/handlers/floorplan.go:314.2,314.72 1 0
presence-app/internal/handlers/floorplan.go:314.72,316.3 1 0
presence-app/internal/handlers/floorplan.go:318.2,320.16 3 0
presence-app/internal/handlers/floorplan.go:320.16,323.3 2 0
presence-app/internal/handlers/floorplan.go:324.2,328.52 3 0
presence-app/internal/handlers/floorplan.go:328.52,332.3 3 0
presence-app/internal/handlers/floorplan.go:334.2,335.70 2 0
presence-app/internal/handlers/floorplan.go:339.79,346.61 3 0
presence-app/internal/handlers/floorplan.go:346.61,349.3 2 0
presence-app/internal/handlers/floorplan.go:350.2,351.21 2 0
presence-app/internal/handlers/floorplan.go:351.21,353.3 1 0
presence-app/internal/handlers/floorplan.go:354.2,355.16 2 0
presence-app/internal/handlers/floorplan.go:355.16,358.3 2 0
presence-app/internal/handlers/floorplan.go:359.2,359.107 1 0
presence-app/internal/handlers/floorplan.go:363.79,372.21 5 0
presence-app/internal/handlers/floorplan.go:372.21,374.3 1 0
presence-app/internal/handlers/floorplan.go:375.2,375.75 1 0
presence-app/internal/handlers/floorplan.go:375.75,378.3 2 0
presence-app/internal/handlers/floorplan.go:379.2,379.46 1 0
presence-app/internal/handlers/floorplan.go:383.79,387.2 3 0
presence-app/internal/handlers/floorplan.go:394.86,396.16 2 0
presence-app/internal/handlers/floorplan.go:396.16,399.3 2 0
presence-app/internal/handlers/floorplan.go:400.2,400.23 1 0
presence-app/internal/handlers/floorplan.go:400.23,402.3 1 0
presence-app/internal/handlers/floorplan.go:403.2,403.23 1 0
presence-app/internal/handlers/floorplan.go:408.93,410.15 2 0
presence-app/internal/handlers/floorplan.go:410.15,413.3 2 0
presence-app/internal/handlers/floorplan.go:414.2,415.16 2 0
presence-app/internal/handlers/floorplan.go:415.16,418.3 2 0
presence-app/internal/handlers/floorplan.go:419.2,419.18 1 0
presence-app/internal/handlers/floorplan.go:419.18,421.3 1 0
presence-app/internal/handlers/floorplan.go:422.2,422.18 1 0
presence-app/internal/handlers/floorplan.go:428.85,435.61 3 0
presence-app/internal/handlers/floorplan.go:435.61,438.3 2 0
presence-app/internal/handlers/floorplan.go:439.2,439.44 1 0
presence-app/internal/handlers/floorplan.go:439.44,442.3 2 0
presence-app/internal/handlers/floorplan.go:443.2,443.30 1 0
presence-app/internal/handlers/floorplan.go:443.30,444.56 1 0
presence-app/internal/handlers/floorplan.go:444.56,447.4 2 0
presence-app/internal/handlers/floorplan.go:449.2,450.52 2 0
presence-app/internal/handlers/floorplan.go:455.94,460.61 3 0
presence-app/internal/handlers/floorplan.go:460.61,463.3 2 0
presence-app/internal/handlers/floorplan.go:464.2,464.25 1 0
presence-app/internal/handlers/floorplan.go:464.25,467.3 2 0
presence-app/internal/handlers/floorplan.go:468.2,468.30 1 0
presence-app/internal/handlers/floorplan.go:468.30,469.56 1 0
presence-app/internal/handlers/floorplan.go:469.56,472.4 2 0
presence-app/internal/handlers/floorplan.go:474.2,474.80 1 0
presence-app/internal/handlers/floorplan.go:474.80,477.3 2 0
presence-app/internal/handlers/floorplan.go:478.2,478.46 1 0
presence-app/internal/handlers/health.go:28.72,33.36 3 1
presence-app/internal/handlers/health.go:33.36,36.3 2 0
presence-app/internal/handlers/health.go:36.8,38.3 1 1
presence-app/internal/handlers/health.go:40.2,42.14 3 1
presence-app/internal/handlers/health.go:42.14,45.3 2 0
presence-app/internal/handlers/health.go:47.2,57.33 5 1
presence-app/internal/handlers/pat.go:23.70,26.17 3 0
presence-app/internal/handlers/pat.go:26.17,28.3 1 0
presence-app/internal/handlers/pat.go:30.2,36.28 2 0
presence-app/internal/handlers/pat.go:36.28,38.21 2 0
presence-app/internal/handlers/pat.go:38.21,40.4 1 0
presence-app/internal/handlers/pat.go:41.3,41.34 1 0
presence-app/internal/handlers/pat.go:44.2,44.33 1 0
presence-app/internal/handlers/pat.go:49.72,51.26 2 1
presence-app/internal/handlers/pat.go:51.26,54.3 2 1
presence-app/internal/handlers/pat.go:56.2,60.61 2 1
presence-app/internal/handlers/pat.go:60.61,63.3 2 0
presence-app/internal/handlers/pat.go:65.2,66.27 2 1
presence-app/internal/handlers/pat.go:66.27,69.3 2 1
presence-app/internal/handlers/pat.go:70.2,70.32 1 1
presence-app/internal/handlers/pat.go:70.32,73.3 2 0
presence-app/internal/handlers/pat.go:74.2,74.47 1 1
presence-app/internal/handlers/pat.go:74.47,77.3 2 0
presence-app/internal/handlers/pat.go:79.2,80.23 2 1
presence-app/internal/handlers/pat.go:80.23,83.3 2 1
presence-app/internal/handlers/pat.go:85.2,86.16 2 1
presence-app/internal/handlers/pat.go:86.16,89.3 2 0
presence-app/internal/handlers/pat.go:91.2,98.4 1 1
presence-app/internal/handlers/pat.go:103.72,106.27 3 1
presence-app/internal/handlers/pat.go:106.27,109.3 2 0
presence-app/internal/handlers/pat.go:111.2,111.52 1 1
presence-app/internal/handlers/pat.go:111.52,114.3 2 0
presence-app/internal/handlers/pat.go:116.2,116.46 1 1
presence-app/internal/handlers/pat.go:121.77,123.29 2 0
presence-app/internal/handlers/pat.go:123.29,126.3 2 0
presence-app/internal/handlers/pat.go:127.2,128.27 2 0
presence-app/internal/handlers/pat.go:128.27,131.3 2 0
presence-app/internal/handlers/pat.go:132.2,132.48 1 0
presence-app/internal/handlers/pat.go:132.48,135.3 2 0
presence-app/internal/handlers/pat.go:136.2,136.46 1 0
presence-app/internal/handlers/pat.go:141.71,144.16 3 1
presence-app/internal/handlers/pat.go:144.16,147.3 2 0
presence-app/internal/handlers/pat.go:148.2,148.17 1 1
presence-app/internal/handlers/pat.go:148.17,150.3 1 1
presence-app/internal/handlers/pat.go:151.2,151.17 1 1
presence-app/internal/handlers/reset_password.go:22.91,26.2 1 0
presence-app/internal/handlers/reset_password.go:29.91,33.23 2 1
presence-app/internal/handlers/reset_password.go:33.23,37.3 1 1
presence-app/internal/handlers/reset_password.go:39.2,39.17 1 1
presence-app/internal/handlers/reset_password.go:39.17,42.3 2 1
presence-app/internal/handlers/reset_password.go:44.2,45.16 2 1
presence-app/internal/handlers/reset_password.go:45.16,49.3 3 0
presence-app/internal/handlers/reset_password.go:50.2,50.20 1 1
presence-app/internal/handlers/reset_password.go:50.20,54.3 2 1
presence-app/internal/handlers/reset_password.go:56.2,65.12 4 0
presence-app/internal/handlers/reset_password.go:65.12,66.96 1 0
presence-app/internal/handlers/reset_password.go:66.96,68.4 1 0
presence-app/internal/handlers/reset_password.go:71.2,71.14 1 0
presence-app/internal/handlers/reset_password.go:75.90,82.2 2 0
presence-app/internal/handlers/reset_password.go:85.90,90.32 4 1
presence-app/internal/handlers/reset_password.go:90.32,96.3 1 1
presence-app/internal/handlers/reset_password.go:98.2,98.17 1 1
presence-app/internal/handlers/reset_password.go:98.17,101.3 2 0
presence-app/internal/handlers/reset_password.go:102.2,102.37 1 1
presence-app/internal/handlers/reset_password.go:102.37,105.3 2 0
presence-app/internal/handlers/reset_password.go:106.2,106.23 1 1
presence-app/internal/handlers/reset_password.go:106.23,109.3 2 1
presence-app/internal/handlers/reset_password.go:110.2,110.25 1 1
presence-app/internal/handlers/reset_password.go:110.25,113.3 2 0
presence-app/internal/handlers/reset_password.go:115.2,116.16 2 1
presence-app/internal/handlers/reset_password.go:116.16,119.3 2 1
presence-app/internal/handlers/reset_password.go:121.2,121.64 1 1
presence-app/internal/handlers/reset_password.go:121.64,124.3 2 0
presence-app/internal/handlers/reset_password.go:127.2,133.4 2 1
presence-app/internal/handlers/reset_password.go:137.64,138.27 1 0
presence-app/internal/handlers/reset_password.go:138.27,140.3 1 0
presence-app/internal/handlers/reset_password.go:141.2,142.66 2 0
presence-app/internal/handlers/reset_password.go:142.66,144.3 1 0
presence-app/internal/handlers/reset_password.go:145.2,145.32 1 0
presence-app/internal/handlers/settings.go:20.78,25.21 4 1
presence-app/internal/handlers/settings.go:25.21,26.62 1 0
presence-app/internal/handlers/settings.go:26.62,28.4 1 0
presence-app/internal/handlers/settings.go:30.2,31.14 2 1
presence-app/internal/handlers/settings.go:31.14,33.3 1 1
presence-app/internal/handlers/settings.go:35.2,59.4 5 1
presence-app/internal/handlers/settings.go:63.86,65.34 2 1
presence-app/internal/handlers/settings.go:65.34,68.3 2 1
presence-app/internal/handlers/settings.go:69.2,72.4 1 0
presence-app/internal/handlers/settings.go:76.86,78.34 2 1
presence-app/internal/handlers/settings.go:78.34,81.3 2 0
presence-app/internal/handlers/settings.go:83.2,87.52 4 1
presence-app/internal/handlers/settings.go:87.52,90.3 2 0
presence-app/internal/handlers/settings.go:91.2,91.23 1 1
presence-app/internal/handlers/settings.go:91.23,94.3 2 1
presence-app/internal/handlers/settings.go:95.2,95.21 1 1
presence-app/internal/handlers/settings.go:95.21,98.3 2 1
presence-app/internal/handlers/settings.go:101.2,102.80 2 1
presence-app/internal/handlers/settings.go:102.80,105.3 2 1
presence-app/internal/handlers/settings.go:107.2,107.62 1 1
presence-app/internal/handlers/settings.go:107.62,110.3 2 0
presence-app/internal/handlers/settings.go:113.2,113.52 1 1
presence-app/internal/handlers/settings.go:113.52,115.3 1 1
presence-app/internal/handlers/settings.go:117.2,117.122 1 1
presence-app/internal/middleware/csrf.go:13.66,17.2 3 1
presence-app/internal/middleware/csrf.go:23.69,24.46 1 1
presence-app/internal/middleware/csrf.go:24.46,25.72 1 1
presence-app/internal/middleware/csrf.go:25.72,26.99 1 1
presence-app/internal/middleware/csrf.go:26.99,29.51 2 1
presence-app/internal/middleware/csrf.go:29.51,31.20 2 1
presence-app/internal/middleware/csrf.go:31.20,34.7 2 0
presence-app/internal/middleware/csrf.go:35.6,37.54 3 1
presence-app/internal/middleware/csrf.go:37.54,40.7 2 0
presence-app/internal/middleware/csrf.go:43.4,43.24 1 1
presence-app/internal/middleware/middleware.go:18.60,20.2 1 1
presence-app/internal/middleware/middleware.go:23.91,24.71 1 1
presence-app/internal/middleware/middleware.go:24.71,26.20 1 1
presence-app/internal/middleware/middleware.go:26.20,27.93 1 1
presence-app/internal/middleware/middleware.go:27.93,30.19 3 1
presence-app/internal/middleware/middleware.go:30.19,35.6 4 1
presence-app/internal/middleware/middleware.go:36.5,38.11 3 1
presence-app/internal/middleware/middleware.go:43.3,44.17 2 1
presence-app/internal/middleware/middleware.go:44.17,47.4 2 1
presence-app/internal/middleware/middleware.go:48.3,49.17 2 1
presence-app/internal/middleware/middleware.go:49.17,53.4 3 0
presence-app/internal/middleware/middleware.go:54.3,55.40 2 1
presence-app/internal/middleware/middleware.go:61.67,62.46 1 1
presence-app/internal/middleware/middleware.go:62.46,63.72 1 1
presence-app/internal/middleware/middleware.go:63.72,65.49 2 1
presence-app/internal/middleware/middleware.go:65.49,68.5 2 1
presence-app/internal/middleware/middleware.go:69.4,69.24 1 1
presence-app/internal/middleware/middleware.go:75.44,78.2 2 1
presence-app/internal/middleware/middleware.go:81.68,82.71 1 1
presence-app/internal/middleware/middleware.go:82.71,84.17 2 0
presence-app/internal/middleware/middleware.go:84.17,86.18 2 0
presence-app/internal/middleware/middleware.go:86.18,89.5 2 0
presence-app/internal/middleware/middleware.go:91.3,91.23 1 0
presence-app/internal/middleware/security.go:13.54,14.71 1 1
presence-app/internal/middleware/security.go:14.71,19.67 5 1
presence-app/internal/middleware/security.go:19.67,21.4 1 0
presence-app/internal/middleware/security.go:22.3,31.23 2 1
presence-app/internal/middleware/security.go:57.46,61.2 3 1
presence-app/internal/middleware/security.go:65.56,71.9 5 1
presence-app/internal/middleware/security.go:71.9,73.3 1 1
presence-app/internal/middleware/security.go:76.2,76.75 1 1
presence-app/internal/middleware/security.go:76.75,78.3 1 1
presence-app/internal/middleware/security.go:81.2,81.43 1 1
presence-app/internal/middleware/security.go:81.43,84.3 2 0
presence-app/internal/middleware/security.go:86.2,86.35 1 1
presence-app/internal/middleware/security.go:90.59,96.9 5 1
presence-app/internal/middleware/security.go:96.9,99.3 2 1
presence-app/internal/middleware/security.go:102.2,102.43 1 1
presence-app/internal/middleware/security.go:102.43,107.3 4 0
presence-app/internal/middleware/security.go:109.2,110.33 2 1
presence-app/internal/middleware/security.go:110.33,112.3 1 1
presence-app/internal/middleware/security.go:116.51,121.2 4 1
presence-app/internal/middleware/security.go:124.42,127.21 3 1
presence-app/internal/middleware/security.go:127.21,129.33 2 0
presence-app/internal/middleware/security.go:129.33,132.31 3 0
presence-app/internal/middleware/security.go:132.31,134.5 1 0
presence-app/internal/middleware/security.go:136.3,136.16 1 0
presence-app/internal/middleware/security.go:141.39,142.55 1 1
presence-app/internal/middleware/security.go:142.55,144.31 1 0
presence-app/internal/middleware/security.go:144.31,145.34 1 0
presence-app/internal/middleware/security.go:145.34,146.22 1 0
presence-app/internal/middleware/security.go:146.22,148.11 2 0
presence-app/internal/middleware/security.go:152.3,152.51 1 0
presence-app/internal/middleware/security.go:152.51,154.4 1 0
presence-app/internal/middleware/security.go:156.2,157.16 2 1
presence-app/internal/middleware/security.go:157.16,159.3 1 0
presence-app/internal/middleware/security.go:160.2,160.11 1 1
presence-app/internal/middleware/security.go:163.33,165.59 2 0
presence-app/internal/middleware/security.go:165.59,167.3 1 0
presence-app/internal/middleware/security.go:168.2,168.59 1 0
presence-app/internal/middleware/security.go:168.59,170.3 1 0
presence-app/internal/middleware/security.go:171.2,171.21 1 0
presence-app/internal/models/models.go:46.42,47.14 1 1
presence-app/internal/models/models.go:47.14,49.3 1 0
presence-app/internal/models/models.go:50.2,50.48 1 1
presence-app/internal/models/models.go:50.48,52.35 2 1
presence-app/internal/models/models.go:52.35,54.4 1 1
presence-app/internal/models/models.go:56.2,56.14 1 1
presence-app/internal/models/models.go:60.49,61.29 1 1
presence-app/internal/models/models.go:61.29,62.22 1 1
presence-app/internal/models/models.go:62.22,64.4 1 1
presence-app/internal/models/models.go:66.2,66.14 1 1
presence-app/internal/models/models.go:70.36,71.31 1 1
presence-app/internal/models/models.go:71.31,73.3 1 0
presence-app/internal/models/models.go:74.2,75.48 2 1
presence-app/internal/models/models.go:75.48,77.14 2 1
presence-app/internal/models/models.go:77.14,79.4 1 1
presence-app/internal/models/models.go:81.2,81.14 1 1
presence-app/internal/models/models.go:86.36,87.14 1 1
presence-app/internal/models/models.go:87.14,89.3 1 0
presence-app/internal/models/models.go:90.2,90.33 1 1
presence-app/internal/models/models.go:90.33,91.21 1 1
presence-app/internal/models/models.go:91.21,93.4 1 1
presence-app/internal/models/models.go:95.2,95.14 1 1
presence-app/internal/models/models.go:100.55,101.18 1 0
presence-app/internal/models/models.go:101.18,103.3 1 0
presence-app/internal/models/models.go:104.2,104.13 1 0
presence-app/internal/models/models.go:104.13,106.3 1 0
presence-app/internal/models/models.go:107.2,109.26 3 0
presence-app/internal/models/models.go:109.26,111.54 1 0
presence-app/internal/models/models.go:111.54,113.4 1 0
presence-app/internal/models/models.go:115.2,115.15 1 0
